{"level":"info","message":"GET /api/loggerTest","timestamp":"2023-06-29T08:21:12.919Z"}
{"level":"debug","message":"Mensaje de prueba - Debug","timestamp":"2023-06-29T08:21:13.140Z"}
{"level":"info","message":"Mensaje de prueba - Info","timestamp":"2023-06-29T08:21:13.141Z"}
{"level":"warning","message":"Mensaje de prueba - Warning","timestamp":"2023-06-29T08:21:13.141Z"}
{"level":"error","message":"Mensaje de prueba - Error","timestamp":"2023-06-29T08:21:13.141Z"}
{"level":"info","message":"GET /api/register/premium","timestamp":"2023-06-29T08:21:33.024Z"}
{"code":401,"level":"error","message":"Error al cambiar el role del usuario Error, role no autorizado","stack":"Error: Error, role no autorizado\n    at C:\\Users\\diego\\workspace\\CARRERA_FULLSTACK\\ProgramacionBackend\\practicaIntegradora1\\src\\dao\\dbController\\controller.users.js:44:13\n    at Layer.handle [as handle_request] (C:\\Users\\diego\\workspace\\CARRERA_FULLSTACK\\ProgramacionBackend\\practicaIntegradora1\\node_modules\\express\\lib\\router\\layer.js:95:5)\n    at next (C:\\Users\\diego\\workspace\\CARRERA_FULLSTACK\\ProgramacionBackend\\practicaIntegradora1\\node_modules\\express\\lib\\router\\route.js:144:13)\n    at Route.dispatch (C:\\Users\\diego\\workspace\\CARRERA_FULLSTACK\\ProgramacionBackend\\practicaIntegradora1\\node_modules\\express\\lib\\router\\route.js:114:3)\n    at Layer.handle [as handle_request] (C:\\Users\\diego\\workspace\\CARRERA_FULLSTACK\\ProgramacionBackend\\practicaIntegradora1\\node_modules\\express\\lib\\router\\layer.js:95:5)\n    at C:\\Users\\diego\\workspace\\CARRERA_FULLSTACK\\ProgramacionBackend\\practicaIntegradora1\\node_modules\\express\\lib\\router\\index.js:284:15\n    at Function.process_params (C:\\Users\\diego\\workspace\\CARRERA_FULLSTACK\\ProgramacionBackend\\practicaIntegradora1\\node_modules\\express\\lib\\router\\index.js:346:12)\n    at next (C:\\Users\\diego\\workspace\\CARRERA_FULLSTACK\\ProgramacionBackend\\practicaIntegradora1\\node_modules\\express\\lib\\router\\index.js:280:10)\n    at Function.handle (C:\\Users\\diego\\workspace\\CARRERA_FULLSTACK\\ProgramacionBackend\\practicaIntegradora1\\node_modules\\express\\lib\\router\\index.js:175:3)\n    at router (C:\\Users\\diego\\workspace\\CARRERA_FULLSTACK\\ProgramacionBackend\\practicaIntegradora1\\node_modules\\express\\lib\\router\\index.js:47:12)","timestamp":"2023-06-29T08:21:33.233Z"}
{"level":"info","message":"GET /api/register/premium","timestamp":"2023-06-29T08:21:36.112Z"}
{"code":401,"level":"error","message":"Error al cambiar el role del usuario Error, role no autorizado","stack":"Error: Error, role no autorizado\n    at C:\\Users\\diego\\workspace\\CARRERA_FULLSTACK\\ProgramacionBackend\\practicaIntegradora1\\src\\dao\\dbController\\controller.users.js:44:13\n    at Layer.handle [as handle_request] (C:\\Users\\diego\\workspace\\CARRERA_FULLSTACK\\ProgramacionBackend\\practicaIntegradora1\\node_modules\\express\\lib\\router\\layer.js:95:5)\n    at next (C:\\Users\\diego\\workspace\\CARRERA_FULLSTACK\\ProgramacionBackend\\practicaIntegradora1\\node_modules\\express\\lib\\router\\route.js:144:13)\n    at Route.dispatch (C:\\Users\\diego\\workspace\\CARRERA_FULLSTACK\\ProgramacionBackend\\practicaIntegradora1\\node_modules\\express\\lib\\router\\route.js:114:3)\n    at Layer.handle [as handle_request] (C:\\Users\\diego\\workspace\\CARRERA_FULLSTACK\\ProgramacionBackend\\practicaIntegradora1\\node_modules\\express\\lib\\router\\layer.js:95:5)\n    at C:\\Users\\diego\\workspace\\CARRERA_FULLSTACK\\ProgramacionBackend\\practicaIntegradora1\\node_modules\\express\\lib\\router\\index.js:284:15\n    at Function.process_params (C:\\Users\\diego\\workspace\\CARRERA_FULLSTACK\\ProgramacionBackend\\practicaIntegradora1\\node_modules\\express\\lib\\router\\index.js:346:12)\n    at next (C:\\Users\\diego\\workspace\\CARRERA_FULLSTACK\\ProgramacionBackend\\practicaIntegradora1\\node_modules\\express\\lib\\router\\index.js:280:10)\n    at Function.handle (C:\\Users\\diego\\workspace\\CARRERA_FULLSTACK\\ProgramacionBackend\\practicaIntegradora1\\node_modules\\express\\lib\\router\\index.js:175:3)\n    at router (C:\\Users\\diego\\workspace\\CARRERA_FULLSTACK\\ProgramacionBackend\\practicaIntegradora1\\node_modules\\express\\lib\\router\\index.js:47:12)","timestamp":"2023-06-29T08:21:36.318Z"}
{"level":"info","message":"GET /api/login/logout?","timestamp":"2023-06-29T08:22:08.158Z"}
{"level":"info","message":"GET /api/login","timestamp":"2023-06-29T08:22:08.468Z"}
{"level":"info","message":"GET /styles/index.css","timestamp":"2023-06-29T08:22:08.603Z"}
{"level":"info","message":"GET /api/login/github","timestamp":"2023-06-29T08:22:09.602Z"}
{"level":"info","message":"GET /api/login/githubcallback?code=8d9bb30d7b96ee5ca38c","timestamp":"2023-06-29T08:22:18.551Z"}
{"level":"info","message":"GET /api/dbProducts?limit=9","timestamp":"2023-06-29T08:22:19.825Z"}
{"level":"info","message":"GET /styles/index.css","timestamp":"2023-06-29T08:22:21.142Z"}
{"level":"info","message":"GET /api/register/premium","timestamp":"2023-06-29T08:22:28.559Z"}
{"$__":{"activePaths":{"paths":{"__v":"init","_id":"init","age":"init","cartId":"init","email":"init","first_name":"init","last_name":"init","password":"init","role":"modify"},"states":{"default":{},"init":{"__v":true,"_id":true,"age":true,"cartId":true,"email":true,"first_name":true,"last_name":true,"password":true},"modify":{"role":true}}},"skipId":true},"$isNew":false,"_doc":{"__v":0,"_id":"648a62257e637830ecfac3f0","age":18,"cartId":"648a62257e637830ecfac3ee","email":"diegoedvflores03@gmail.com","first_name":"Diego Flores Alcantar","last_name":"","password":"","role":"premium"},"level":"info","message":"se cambio el role del usuario actual","timestamp":"2023-06-29T08:22:29.007Z"}
{"$__":{"activePaths":{"paths":{"__v":"init","_id":"init","age":"init","cartId":"init","email":"init","first_name":"init","last_name":"init","password":"init","role":"modify"},"states":{"default":{},"init":{"__v":true,"_id":true,"age":true,"cartId":true,"email":true,"first_name":true,"last_name":true,"password":true},"modify":{"role":true}}},"skipId":true},"$isNew":false,"_doc":{"__v":0,"_id":"648a62257e637830ecfac3f0","age":18,"cartId":"648a62257e637830ecfac3ee","email":"diegoedvflores03@gmail.com","first_name":"Diego Flores Alcantar","last_name":"","password":"","role":"premium"},"level":"info","message":"se cambio el role del usuario actual","timestamp":"2023-06-29T08:22:29.007Z"}
{"level":"info","message":"GET /api/register/premium","timestamp":"2023-06-29T08:22:31.004Z"}
{"$__":{"activePaths":{"paths":{"__v":"init","_id":"init","age":"init","cartId":"init","email":"init","first_name":"init","last_name":"init","password":"init","role":"modify"},"states":{"default":{},"init":{"__v":true,"_id":true,"age":true,"cartId":true,"email":true,"first_name":true,"last_name":true,"password":true},"modify":{"role":true}}},"skipId":true},"$isNew":false,"_doc":{"__v":0,"_id":"648a62257e637830ecfac3f0","age":18,"cartId":"648a62257e637830ecfac3ee","email":"diegoedvflores03@gmail.com","first_name":"Diego Flores Alcantar","last_name":"","password":"","role":"usuario"},"level":"info","message":"se cambio el role del usuario actual","timestamp":"2023-06-29T08:22:31.438Z"}
{"$__":{"activePaths":{"paths":{"__v":"init","_id":"init","age":"init","cartId":"init","email":"init","first_name":"init","last_name":"init","password":"init","role":"modify"},"states":{"default":{},"init":{"__v":true,"_id":true,"age":true,"cartId":true,"email":true,"first_name":true,"last_name":true,"password":true},"modify":{"role":true}}},"skipId":true},"$isNew":false,"_doc":{"__v":0,"_id":"648a62257e637830ecfac3f0","age":18,"cartId":"648a62257e637830ecfac3ee","email":"diegoedvflores03@gmail.com","first_name":"Diego Flores Alcantar","last_name":"","password":"","role":"usuario"},"level":"info","message":"se cambio el role del usuario actual","timestamp":"2023-06-29T08:22:31.438Z"}
{"level":"info","message":"GET /api/register/premium","timestamp":"2023-06-29T08:22:34.232Z"}
{"$__":{"activePaths":{"paths":{"__v":"init","_id":"init","age":"init","cartId":"init","email":"init","first_name":"init","last_name":"init","password":"init","role":"modify"},"states":{"default":{},"init":{"__v":true,"_id":true,"age":true,"cartId":true,"email":true,"first_name":true,"last_name":true,"password":true},"modify":{"role":true}}},"skipId":true},"$isNew":false,"_doc":{"__v":0,"_id":"648a62257e637830ecfac3f0","age":18,"cartId":"648a62257e637830ecfac3ee","email":"diegoedvflores03@gmail.com","first_name":"Diego Flores Alcantar","last_name":"","password":"","role":"premium"},"level":"info","message":"se cambio el role del usuario actual","timestamp":"2023-06-29T08:22:34.661Z"}
{"$__":{"activePaths":{"paths":{"__v":"init","_id":"init","age":"init","cartId":"init","email":"init","first_name":"init","last_name":"init","password":"init","role":"modify"},"states":{"default":{},"init":{"__v":true,"_id":true,"age":true,"cartId":true,"email":true,"first_name":true,"last_name":true,"password":true},"modify":{"role":true}}},"skipId":true},"$isNew":false,"_doc":{"__v":0,"_id":"648a62257e637830ecfac3f0","age":18,"cartId":"648a62257e637830ecfac3ee","email":"diegoedvflores03@gmail.com","first_name":"Diego Flores Alcantar","last_name":"","password":"","role":"premium"},"level":"info","message":"se cambio el role del usuario actual","timestamp":"2023-06-29T08:22:34.661Z"}
{"level":"info","message":"GET /api/register/premium","timestamp":"2023-06-29T08:23:23.473Z"}
{"$__":{"activePaths":{"paths":{"__v":"init","_id":"init","age":"init","cartId":"init","email":"init","first_name":"init","last_name":"init","password":"init","role":"modify"},"states":{"default":{},"init":{"__v":true,"_id":true,"age":true,"cartId":true,"email":true,"first_name":true,"last_name":true,"password":true},"modify":{"role":true}}},"skipId":true},"$isNew":false,"_doc":{"__v":0,"_id":"648a62257e637830ecfac3f0","age":18,"cartId":"648a62257e637830ecfac3ee","email":"diegoedvflores03@gmail.com","first_name":"Diego Flores Alcantar","last_name":"","password":"","role":"usuario"},"level":"info","message":"se cambio el role del usuario actual","timestamp":"2023-06-29T08:23:23.924Z"}
{"$__":{"activePaths":{"paths":{"__v":"init","_id":"init","age":"init","cartId":"init","email":"init","first_name":"init","last_name":"init","password":"init","role":"modify"},"states":{"default":{},"init":{"__v":true,"_id":true,"age":true,"cartId":true,"email":true,"first_name":true,"last_name":true,"password":true},"modify":{"role":true}}},"skipId":true},"$isNew":false,"_doc":{"__v":0,"_id":"648a62257e637830ecfac3f0","age":18,"cartId":"648a62257e637830ecfac3ee","email":"diegoedvflores03@gmail.com","first_name":"Diego Flores Alcantar","last_name":"","password":"","role":"usuario"},"level":"info","message":"se cambio el role del usuario actual","timestamp":"2023-06-29T08:23:23.924Z"}
{"level":"info","message":"GET /api/dbProducts","timestamp":"2023-06-30T07:12:01.669Z"}
{"level":"info","message":"GET /styles/index.css","timestamp":"2023-06-30T07:12:02.350Z"}
{"level":"info","message":"GET /favicon.ico","timestamp":"2023-06-30T07:12:03.302Z"}
{"level":"info","message":"GET /api/login/logout?","timestamp":"2023-06-30T07:12:05.645Z"}
{"level":"info","message":"GET /api/login","timestamp":"2023-06-30T07:12:05.956Z"}
{"level":"info","message":"GET /styles/index.css","timestamp":"2023-06-30T07:12:06.062Z"}
{"level":"info","message":"GET /api/login","timestamp":"2023-06-30T07:12:23.017Z"}
{"level":"info","message":"GET /styles/index.css","timestamp":"2023-06-30T07:12:23.117Z"}
{"level":"info","message":"GET /api/login","timestamp":"2023-06-30T20:38:48.153Z"}
{"level":"info","message":"GET /styles/index.css","timestamp":"2023-06-30T20:38:49.640Z"}
{"level":"info","message":"GET /favicon.ico","timestamp":"2023-06-30T20:38:49.661Z"}
{"level":"info","message":"GET /api/login/forgtPass","timestamp":"2023-06-30T20:38:55.861Z"}
{"level":"info","message":"GET /styles/index.css","timestamp":"2023-06-30T20:38:59.987Z"}
{"level":"info","message":"GET /api/login/forgtPass","timestamp":"2023-06-30T20:39:48.315Z"}
{"level":"info","message":"GET /api/login/forgtPass","timestamp":"2023-06-30T20:43:08.278Z"}
{"level":"info","message":"GET /api/login/forgtPass","timestamp":"2023-06-30T20:43:08.334Z"}
{"level":"info","message":"GET /api/login/forgtPass","timestamp":"2023-06-30T20:43:55.011Z"}
{"level":"info","message":"GET /styles/index.css","timestamp":"2023-06-30T20:43:55.154Z"}
{"level":"info","message":"GET /api/login/forgtPass","timestamp":"2023-06-30T20:47:30.680Z"}
{"level":"info","message":"GET /api/login/forgtPass","timestamp":"2023-06-30T20:47:33.830Z"}
{"level":"info","message":"GET /api/login/forgtPass","timestamp":"2023-06-30T20:47:44.631Z"}
{"level":"info","message":"GET /api/login/forgtPass","timestamp":"2023-06-30T20:47:44.762Z"}
{"level":"info","message":"GET /api/login/forgtPass","timestamp":"2023-06-30T20:47:46.943Z"}
{"level":"info","message":"GET /api/login/forgtPass","timestamp":"2023-06-30T20:48:01.947Z"}
{"level":"info","message":"GET /api/dbProducts","timestamp":"2023-06-30T20:48:04.428Z"}
{"level":"info","message":"GET /api/login","timestamp":"2023-06-30T20:48:04.531Z"}
{"level":"info","message":"GET /styles/index.css","timestamp":"2023-06-30T20:48:04.663Z"}
{"level":"info","message":"GET /api/login/forgot-Password","timestamp":"2023-06-30T20:48:06.262Z"}
{"level":"info","message":"GET /api/login/forgot-Password","timestamp":"2023-06-30T20:48:06.320Z"}
{"level":"info","message":"GET /styles/index.css","timestamp":"2023-06-30T20:48:07.031Z"}
{"level":"info","message":"GET /api/login/forgot-Password","timestamp":"2023-06-30T21:14:59.872Z"}
{"level":"info","message":"GET /api/login","timestamp":"2023-06-30T21:15:07.504Z"}
{"level":"info","message":"GET /styles/index.css","timestamp":"2023-06-30T21:15:07.638Z"}
{"level":"info","message":"GET /api/login","timestamp":"2023-06-30T21:15:12.296Z"}
{"level":"info","message":"GET /styles/index.css","timestamp":"2023-06-30T21:15:13.439Z"}
{"level":"info","message":"GET /api/login/github","timestamp":"2023-06-30T21:15:14.772Z"}
{"level":"info","message":"GET /api/login","timestamp":"2023-06-30T21:15:23.909Z"}
{"level":"info","message":"GET /styles/index.css","timestamp":"2023-06-30T21:15:24.036Z"}
{"level":"info","message":"GET /api/login/forgot-Password/","timestamp":"2023-06-30T21:15:25.823Z"}
{"level":"info","message":"GET /api/login/forgot-Password/","timestamp":"2023-06-30T21:15:25.921Z"}
{"level":"info","message":"GET /api/login/forgot-Password/","timestamp":"2023-06-30T21:17:28.378Z"}
{"level":"info","message":"POST /api/login","timestamp":"2023-06-30T21:17:33.020Z"}
{"level":"info","message":"GET /api/login/faillogin","timestamp":"2023-06-30T21:17:33.286Z"}
{"level":"info","message":"GET /api/dbProducts?limit=9","timestamp":"2023-06-30T21:17:33.419Z"}
{"level":"info","message":"GET /api/login","timestamp":"2023-06-30T21:17:33.535Z"}
{"level":"info","message":"GET /styles/index.css","timestamp":"2023-06-30T21:17:33.659Z"}
{"level":"info","message":"POST /api/login","timestamp":"2023-06-30T21:18:59.318Z"}
{"level":"info","message":"GET /api/login/faillogin","timestamp":"2023-06-30T21:18:59.574Z"}
{"level":"info","message":"GET /api/dbProducts?limit=9","timestamp":"2023-06-30T21:18:59.711Z"}
{"level":"info","message":"GET /api/login","timestamp":"2023-06-30T21:18:59.823Z"}
{"level":"info","message":"GET /styles/index.css","timestamp":"2023-06-30T21:18:59.968Z"}
{"level":"info","message":"POST /api/login","timestamp":"2023-06-30T21:20:21.544Z"}
{"level":"info","message":"GET /api/login/faillogin","timestamp":"2023-06-30T21:20:21.812Z"}
{"level":"info","message":"GET /api/dbProducts?limit=9","timestamp":"2023-06-30T21:20:21.946Z"}
{"level":"info","message":"GET /api/login","timestamp":"2023-06-30T21:20:22.060Z"}
{"level":"info","message":"GET /styles/index.css","timestamp":"2023-06-30T21:20:22.202Z"}
{"level":"info","message":"POST /api/login","timestamp":"2023-06-30T21:21:50.501Z"}
{"level":"info","message":"GET /api/login/faillogin","timestamp":"2023-06-30T21:21:50.758Z"}
{"level":"error","message":"Error al iniciar session","timestamp":"2023-06-30T21:21:50.870Z"}
{"level":"info","message":"GET /api/dbProducts?limit=9","timestamp":"2023-06-30T21:21:50.890Z"}
{"level":"info","message":"GET /api/login","timestamp":"2023-06-30T21:21:51.003Z"}
{"level":"info","message":"GET /styles/index.css","timestamp":"2023-06-30T21:21:51.157Z"}
{"level":"info","message":"POST /api/login","timestamp":"2023-06-30T21:22:09.584Z"}
{"level":"info","message":"GET /api/login/faillogin","timestamp":"2023-06-30T21:22:09.806Z"}
{"level":"error","message":"Error al iniciar session","timestamp":"2023-06-30T21:22:09.917Z"}
{"level":"info","message":"GET /api/dbProducts?limit=9","timestamp":"2023-06-30T21:22:09.933Z"}
{"level":"info","message":"GET /api/login","timestamp":"2023-06-30T21:22:10.055Z"}
{"level":"info","message":"GET /styles/index.css","timestamp":"2023-06-30T21:22:10.183Z"}
{"level":"info","message":"GET /api/login/forgot-Password/","timestamp":"2023-06-30T21:23:14.919Z"}
{"level":"info","message":"GET /api/login/forgot-Password/","timestamp":"2023-06-30T21:24:33.465Z"}
{"level":"info","message":"GET /api/login/forgot-Password/","timestamp":"2023-06-30T21:24:36.332Z"}
{"level":"info","message":"GET /api/login","timestamp":"2023-06-30T21:24:38.463Z"}
{"level":"info","message":"GET /styles/index.css","timestamp":"2023-06-30T21:24:38.610Z"}
{"level":"info","message":"GET /api/login/forgot-Password","timestamp":"2023-06-30T21:24:39.903Z"}
{"level":"info","message":"GET /api/login/forgot-Password","timestamp":"2023-06-30T21:24:48.951Z"}
{"level":"info","message":"GET /styles/index.css","timestamp":"2023-06-30T21:24:49.533Z"}
{"level":"info","message":"POST /api/forgot-password","timestamp":"2023-06-30T21:24:52.417Z"}
{"level":"info","message":"POST /api/forgot-password","timestamp":"2023-06-30T21:24:58.082Z"}
{"level":"info","message":"POST /api/forgot-password","timestamp":"2023-06-30T21:25:10.588Z"}
{"level":"info","message":"POST /api/forgot-password","timestamp":"2023-06-30T21:25:10.639Z"}
{"level":"info","message":"POST /api/forgot-password","timestamp":"2023-06-30T21:25:13.976Z"}
{"level":"info","message":"POST /api/forgot-password","timestamp":"2023-06-30T21:25:14.072Z"}
{"level":"info","message":"GET /api/login/forgot-Password","timestamp":"2023-06-30T21:25:15.559Z"}
{"level":"info","message":"GET /styles/index.css","timestamp":"2023-06-30T21:25:15.691Z"}
{"level":"info","message":"POST /api/login/forgot-password","timestamp":"2023-06-30T21:25:18.161Z"}
{"level":"info","message":"POST /api/login/forgot-password","timestamp":"2023-06-30T21:25:30.440Z"}
{"level":"info","message":"POST /api/login/forgot-password","timestamp":"2023-06-30T21:43:50.796Z"}
{"level":"info","message":"POST /api/login/forgot-password","timestamp":"2023-06-30T22:13:06.518Z"}
{"level":"info","message":"POST /api/login/forgot-password","timestamp":"2023-06-30T22:15:07.488Z"}
{"level":"info","message":"POST /api/login/forgot-password","timestamp":"2023-06-30T22:15:07.548Z"}
{"level":"info","message":"POST /api/login/forgot-password","timestamp":"2023-06-30T22:29:16.848Z"}
{"level":"info","message":"GET /api/register","timestamp":"2023-06-30T22:29:59.403Z"}
{"level":"info","message":"GET /styles/index.css","timestamp":"2023-06-30T22:29:59.553Z"}
{"level":"info","message":"POST /api/register","timestamp":"2023-06-30T22:31:16.175Z"}
{"$__":{"$versionError":null,"activePaths":{"paths":{},"states":{"default":{},"modify":{}}},"backup":{"activePaths":{"default":{"_id":true},"modify":{"age":true,"cartId":true,"email":true,"first_name":true,"last_name":true,"password":true,"role":true}},"validationError":null},"cachedRequired":{},"inserting":true,"op":null,"saveOptions":null,"savedState":{},"saving":null,"validating":null},"$isNew":false,"_doc":{"__v":0,"_id":"649f57b4a50def15510f2221","age":20,"cartId":"649f57b4a50def15510f221f","email":"diegofloresalcantar09@gmail.com","first_name":"Edvaldo","last_name":"","password":"$2b$10$PAPtoW0BpQ669uPmMZDfCuFv4DmY45vwq6zLBCKV46ubALOJMi/ue","role":"usuario"},"level":"info","message":"Usuario creado con exito","timestamp":"2023-06-30T22:31:16.697Z"}
{"$__":{"$versionError":null,"activePaths":{"paths":{},"states":{"default":{},"modify":{}}},"backup":{"activePaths":{"default":{"_id":true},"modify":{"age":true,"cartId":true,"email":true,"first_name":true,"last_name":true,"password":true,"role":true}},"validationError":null},"cachedRequired":{},"inserting":true,"op":null,"saveOptions":null,"savedState":{},"saving":null,"validating":null},"$isNew":false,"_doc":{"__v":0,"_id":"649f57b4a50def15510f2221","age":20,"cartId":"649f57b4a50def15510f221f","email":"diegofloresalcantar09@gmail.com","first_name":"Edvaldo","last_name":"","password":"$2b$10$PAPtoW0BpQ669uPmMZDfCuFv4DmY45vwq6zLBCKV46ubALOJMi/ue","role":"usuario"},"level":"info","message":"Se registro un nuevo usuario","timestamp":"2023-06-30T22:31:16.921Z"}
{"level":"info","message":"GET /api/login","timestamp":"2023-06-30T22:31:17.043Z"}
{"level":"info","message":"GET /styles/index.css","timestamp":"2023-06-30T22:31:17.387Z"}
{"level":"info","message":"GET /api/login/forgot-Password","timestamp":"2023-06-30T22:31:19.211Z"}
{"level":"info","message":"GET /styles/index.css","timestamp":"2023-06-30T22:31:19.548Z"}
{"level":"info","message":"POST /api/login/forgot-password","timestamp":"2023-06-30T22:31:29.038Z"}
{"level":"info","message":"POST /api/login/forgot-password","timestamp":"2023-06-30T22:46:39.803Z"}
{"level":"info","message":"POST /api/login/forgot-password","timestamp":"2023-06-30T22:46:39.887Z"}
{"level":"info","message":"POST /api/login/forgot-password","timestamp":"2023-06-30T23:00:12.902Z"}
{"level":"info","message":"GET /api/login","timestamp":"2023-06-30T23:00:25.593Z"}
{"level":"info","message":"GET /styles/index.css","timestamp":"2023-06-30T23:00:25.928Z"}
{"level":"info","message":"GET /api/login/forgot-Password","timestamp":"2023-06-30T23:00:27.022Z"}
{"level":"info","message":"GET /styles/index.css","timestamp":"2023-06-30T23:00:27.235Z"}
{"level":"info","message":"GET /api/login","timestamp":"2023-06-30T23:00:32.729Z"}
{"level":"info","message":"GET /styles/index.css","timestamp":"2023-06-30T23:00:33.038Z"}
{"level":"info","message":"GET /api/login/forgot-Password","timestamp":"2023-06-30T23:00:38.230Z"}
{"level":"info","message":"GET /styles/index.css","timestamp":"2023-06-30T23:00:38.948Z"}
{"level":"info","message":"GET /api/login","timestamp":"2023-06-30T23:01:03.915Z"}
{"level":"info","message":"GET /styles/index.css","timestamp":"2023-06-30T23:01:04.173Z"}
{"level":"info","message":"GET /api/login/forgot-Password-email","timestamp":"2023-06-30T23:01:05.227Z"}
{"level":"info","message":"GET /styles/index.css","timestamp":"2023-06-30T23:01:05.452Z"}
{"level":"info","message":"POST /api/login/forgot-password-email","timestamp":"2023-06-30T23:01:09.517Z"}
{"level":"info","message":"GET /api/login/forgot-password","timestamp":"2023-06-30T23:01:24.780Z"}
{"level":"info","message":"GET /styles/index.css","timestamp":"2023-06-30T23:01:25.018Z"}
{"level":"info","message":"GET /api/login/forgot-password","timestamp":"2023-06-30T23:04:22.099Z"}
{"level":"info","message":"GET /styles/index.css","timestamp":"2023-06-30T23:04:22.373Z"}
{"level":"info","message":"GET /api/login/forgot-password","timestamp":"2023-06-30T23:05:27.131Z"}
{"level":"info","message":"GET /styles/index.css","timestamp":"2023-06-30T23:05:27.368Z"}
{"level":"info","message":"POST /api/login/forgot-password","timestamp":"2023-06-30T23:05:41.940Z"}
{"level":"info","message":"GET /styles/index.css","timestamp":"2023-07-01T00:04:53.379Z"}
{"level":"info","message":"GET /favicon.ico","timestamp":"2023-07-01T00:04:53.411Z"}
{"level":"info","message":"GET /api/register/premium","timestamp":"2023-07-02T07:55:12.127Z"}
{"level":"error","message":"Error al cambiar el role del usuario Cannot read properties of undefined (reading 'role')","stack":"TypeError: Cannot read properties of undefined (reading 'role')\n    at C:\\Users\\diego\\workspace\\CARRERA_FULLSTACK\\ProgramacionBackend\\practicaIntegradora1\\src\\dao\\dbController\\controller.users.js:43:13\n    at Layer.handle [as handle_request] (C:\\Users\\diego\\workspace\\CARRERA_FULLSTACK\\ProgramacionBackend\\practicaIntegradora1\\node_modules\\express\\lib\\router\\layer.js:95:5)\n    at next (C:\\Users\\diego\\workspace\\CARRERA_FULLSTACK\\ProgramacionBackend\\practicaIntegradora1\\node_modules\\express\\lib\\router\\route.js:144:13)\n    at Route.dispatch (C:\\Users\\diego\\workspace\\CARRERA_FULLSTACK\\ProgramacionBackend\\practicaIntegradora1\\node_modules\\express\\lib\\router\\route.js:114:3)\n    at Layer.handle [as handle_request] (C:\\Users\\diego\\workspace\\CARRERA_FULLSTACK\\ProgramacionBackend\\practicaIntegradora1\\node_modules\\express\\lib\\router\\layer.js:95:5)\n    at C:\\Users\\diego\\workspace\\CARRERA_FULLSTACK\\ProgramacionBackend\\practicaIntegradora1\\node_modules\\express\\lib\\router\\index.js:284:15\n    at Function.process_params (C:\\Users\\diego\\workspace\\CARRERA_FULLSTACK\\ProgramacionBackend\\practicaIntegradora1\\node_modules\\express\\lib\\router\\index.js:346:12)\n    at next (C:\\Users\\diego\\workspace\\CARRERA_FULLSTACK\\ProgramacionBackend\\practicaIntegradora1\\node_modules\\express\\lib\\router\\index.js:280:10)\n    at Function.handle (C:\\Users\\diego\\workspace\\CARRERA_FULLSTACK\\ProgramacionBackend\\practicaIntegradora1\\node_modules\\express\\lib\\router\\index.js:175:3)\n    at router (C:\\Users\\diego\\workspace\\CARRERA_FULLSTACK\\ProgramacionBackend\\practicaIntegradora1\\node_modules\\express\\lib\\router\\index.js:47:12)","timestamp":"2023-07-02T07:55:12.363Z"}
{"level":"info","message":"GET /favicon.ico","timestamp":"2023-07-02T07:55:12.500Z"}
{"level":"info","message":"GET /api/dbProducts","timestamp":"2023-07-02T07:55:27.424Z"}
{"level":"info","message":"GET /api/login","timestamp":"2023-07-02T07:55:27.668Z"}
{"level":"info","message":"GET /styles/index.css","timestamp":"2023-07-02T07:55:28.622Z"}
{"level":"info","message":"GET /api/login/forgot-Password-email","timestamp":"2023-07-02T07:55:40.205Z"}
{"level":"info","message":"GET /styles/index.css","timestamp":"2023-07-02T07:55:40.450Z"}
{"level":"info","message":"POST /api/login/forgot-password-email","timestamp":"2023-07-02T07:55:43.587Z"}
{"level":"info","message":"GET /api/login/forgot-password/fbcf57e6-fb3a-4ead-a9e2-dbeb0513d156","timestamp":"2023-07-02T07:56:08.542Z"}
{"level":"info","message":"POST /api/login/forgot-password-email","timestamp":"2023-07-02T08:03:59.610Z"}
{"level":"info","message":"GET /api/login/forgot-password/15b599ae-71f8-4a61-b476-e1ff8ee30a30","timestamp":"2023-07-02T08:04:09.275Z"}
{"level":"info","message":"GET /api/login/forgot-password/15b599ae-71f8-4a61-b476-e1ff8ee30a30","timestamp":"2023-07-02T08:04:09.505Z"}
{"level":"info","message":"GET /api/login/forgot-password/15b599ae-71f8-4a61-b476-e1ff8ee30a30","timestamp":"2023-07-02T08:05:08.875Z"}
{"level":"info","message":"POST /api/login/forgot-password-email","timestamp":"2023-07-02T08:05:12.826Z"}
{"level":"info","message":"GET /api/login/forgot-Password-email","timestamp":"2023-07-02T08:05:14.814Z"}
{"level":"info","message":"GET /styles/index.css","timestamp":"2023-07-02T08:05:15.164Z"}
{"level":"info","message":"POST /api/login/forgot-password-email","timestamp":"2023-07-02T08:05:17.071Z"}
{"level":"info","message":"GET /api/login/forgot-password/81a10ef7-dd67-48e8-901f-33a63d1a47c8/diegoedvflores03@gmail.com","timestamp":"2023-07-02T08:05:35.659Z"}
{"level":"info","message":"GET /styles/index.css","timestamp":"2023-07-02T08:05:35.914Z"}
{"level":"info","message":"POST /api/login/forgot-password/81a10ef7-dd67-48e8-901f-33a63d1a47c8/diegoedvflores03@gmail.com","timestamp":"2023-07-02T08:05:46.761Z"}
{"level":"info","message":"GET /api/loggerTest","timestamp":"2023-07-02T21:28:51.675Z"}
{"level":"debug","message":"Mensaje de prueba - Debug","timestamp":"2023-07-02T21:28:51.914Z"}
{"level":"info","message":"Mensaje de prueba - Info","timestamp":"2023-07-02T21:28:51.915Z"}
{"level":"warning","message":"Mensaje de prueba - Warning","timestamp":"2023-07-02T21:28:51.915Z"}
{"level":"error","message":"Mensaje de prueba - Error","timestamp":"2023-07-02T21:28:51.915Z"}
{"level":"info","message":"GET /favicon.ico","timestamp":"2023-07-02T21:28:52.077Z"}
{"level":"info","message":"GET /api/login","timestamp":"2023-07-02T21:28:59.042Z"}
{"level":"info","message":"GET /styles/index.css","timestamp":"2023-07-02T21:28:59.667Z"}
{"level":"info","message":"GET /api/login/forgot-Password-email","timestamp":"2023-07-02T21:29:01.359Z"}
{"level":"info","message":"GET /api/login/forgot-Password-email","timestamp":"2023-07-02T21:29:01.435Z"}
{"level":"info","message":"GET /styles/index.css","timestamp":"2023-07-02T21:29:02.294Z"}
{"level":"info","message":"POST /api/login/forgot-password-email","timestamp":"2023-07-02T21:29:04.230Z"}
{"level":"info","message":"POST /api/login/forgot-password-email","timestamp":"2023-07-02T21:29:04.294Z"}
{"level":"info","message":"POST /api/login/forgot-password-email","timestamp":"2023-07-02T21:30:47.356Z"}
{"level":"info","message":"POST /api/login/forgot-password-email","timestamp":"2023-07-02T21:30:47.405Z"}
{"level":"info","message":"GET /api/login/forgot-Password-email","timestamp":"2023-07-02T21:31:16.476Z"}
{"level":"info","message":"GET /styles/index.css","timestamp":"2023-07-02T21:31:16.948Z"}
{"level":"info","message":"POST /api/login/forgot-password-email","timestamp":"2023-07-02T21:31:18.262Z"}
{"level":"info","message":"POST /api/login/forgot-password-email","timestamp":"2023-07-02T21:31:18.625Z"}
{"level":"info","message":"GET /api/login/forgot-Password-email","timestamp":"2023-07-02T21:32:28.978Z"}
{"level":"info","message":"GET /styles/index.css","timestamp":"2023-07-02T21:32:29.367Z"}
{"level":"info","message":"POST /api/login/forgot-password-email","timestamp":"2023-07-02T21:32:33.002Z"}
{"level":"info","message":"GET /api/login/forgot-password/diegoedvflores03@gmail.com","timestamp":"2023-07-02T21:32:45.250Z"}
{"level":"info","message":"GET /styles/index.css","timestamp":"2023-07-02T21:32:45.502Z"}
{"level":"info","message":"GET /api/login/forgot-password/diegoedvflores03@gmail.com","timestamp":"2023-07-02T21:33:06.442Z"}
{"level":"info","message":"GET /styles/index.css","timestamp":"2023-07-02T21:33:06.783Z"}
{"level":"info","message":"POST /api/login/forgot-password-email","timestamp":"2023-07-02T21:34:04.743Z"}
{"level":"info","message":"POST /api/login/forgot-password-email","timestamp":"2023-07-02T21:34:04.797Z"}
{"level":"info","message":"GET /api/login/forgot-password/diegofloresalcantar09@gmail.com","timestamp":"2023-07-02T21:34:13.800Z"}
{"level":"info","message":"GET /styles/index.css","timestamp":"2023-07-02T21:34:14.065Z"}
{"level":"info","message":"POST /api/login/forgot-password//diegofloresalcantar09@gmail.com","timestamp":"2023-07-02T21:34:21.219Z"}
{"level":"info","message":"POST /api/login/forgot-password//diegofloresalcantar09@gmail.com","timestamp":"2023-07-02T21:34:21.277Z"}
{"level":"info","message":"POST /api/login/forgot-password//diegofloresalcantar09@gmail.com","timestamp":"2023-07-02T21:35:08.207Z"}
{"level":"info","message":"GET /api/login/forgot-password/diegofloresalcantar09@gmail.com","timestamp":"2023-07-02T21:35:15.322Z"}
{"level":"info","message":"GET /styles/index.css","timestamp":"2023-07-02T21:35:15.566Z"}
{"level":"info","message":"POST /api/login/forgot-password/diegofloresalcantar09@gmail.com","timestamp":"2023-07-02T21:35:21.133Z"}
{"level":"info","message":"POST /api/login/forgot-password/diegofloresalcantar09@gmail.com","timestamp":"2023-07-02T21:36:10.613Z"}
{"level":"info","message":"POST /api/login/forgot-password-email","timestamp":"2023-07-02T21:36:33.083Z"}
{"level":"info","message":"POST /api/login/forgot-password-email","timestamp":"2023-07-02T21:36:33.152Z"}
{"level":"info","message":"GET /api/login/forgot-password/diegofloresalcantar09@gmail.com","timestamp":"2023-07-02T21:36:56.494Z"}
{"level":"info","message":"GET /styles/index.css","timestamp":"2023-07-02T21:36:56.934Z"}
{"level":"info","message":"POST /api/login/forgot-password/diegofloresalcantar09@gmail.com","timestamp":"2023-07-02T21:37:04.938Z"}
{"level":"info","message":"GET /api/login/","timestamp":"2023-07-02T21:37:13.246Z"}
{"level":"info","message":"GET /styles/index.css","timestamp":"2023-07-02T21:37:13.480Z"}
{"level":"info","message":"POST /api/login","timestamp":"2023-07-02T21:37:20.945Z"}
{"_id":"649f57b4a50def15510f2221","cartId":"649f57b4a50def15510f221f","email":"diegofloresalcantar09@gmail.com","first_name":"Edvaldo","last_name":"","level":"info","message":"Se inicio una sesion con exito","role":"usuario","timestamp":"2023-07-02T21:37:21.573Z"}
{"level":"info","message":"GET /api/dbProducts?limit=9","timestamp":"2023-07-02T21:37:21.697Z"}
{"allowProtoMethodsByDefault":true,"allowProtoPropertiesByDefault":true,"cartId":"649f57b4a50def15510f221f","cartQuantity":0,"hasNextPage":true,"hasPrevPage":false,"level":"info","message":"Productos cargados con exito Bienvenido usuario Edvaldo !","nextLink":"http://localhost:3000/api/dbProducts?page=2&limit=9&sort=null&query=[object Object]","nextPage":2,"page":1,"prevLink":null,"prevPage":null,"products":[{"__v":0,"_id":"6450035f02a42aa8fa9e144f","category":"dispositivos","code":"23450-6743","description":"Headset gaming Ryzen BlackShark v2 Negro","img":"https://firebasestorage.googleapis.com/v0/b/reactecommercediego.appspot.com/o/headset2.png?alt=media&token=57c31728-f313-445b-8756-bb838e346eca","name":"Ryzen Blackshrak","owner":"administrador","price":1500,"status":true,"stock":1},{"__v":0,"_id":"6450057caf3c3c8755334196","category":"dispositivos","code":"23450-8463","description":"pc gamer 1660ti, ryzem 5 1600x, 16 gb ram, m.2 512gb,corsair 600w","img":"https://firebasestorage.googleapis.com/v0/b/reactecommercediego.appspot.com/o/pc2.png?alt=media&token=990dc1d3-6b25-4529-93e2-110165506931","name":"Pc gamer 1660ti","owner":"administrador","price":17000,"status":true,"stock":19},{"__v":0,"_id":"64500a86af3c3c87553341eb","category":"dispositivos","code":"8934-95623","description":"Apple Iphone 13, 256gb Naranja","img":"https://firebasestorage.googleapis.com/v0/b/reactecommercediego.appspot.com/o/iphone_13.png?alt=media&token=403fbcd5-86cf-48cb-a3ed-ceb37573bff1","name":"iphone 13","owner":"administrador","price":10000,"status":true,"stock":20},{"__v":0,"_id":"64500ad6af3c3c87553341ed","category":"dispositivos","code":"1287-9834","description":"Apple Iphone X, 256gb Blanco","img":"https://firebasestorage.googleapis.com/v0/b/reactecommercediego.appspot.com/o/iphoneX.png?alt=media&token=bd498778-c314-4965-94dd-e9634fb01451","name":"iphone X","owner":"administrador","price":9000,"status":true,"stock":6},{"__v":0,"_id":"64500b28af3c3c87553341ef","category":"dispositivos","code":"8754-12349","description":"Apple Iphone 12, 256gb Lila","img":"https://firebasestorage.googleapis.com/v0/b/reactecommercediego.appspot.com/o/iphone12.png?alt=media&token=47cff84a-27d0-4421-abe8-e18f8996e42b","name":"iphone 12","owner":"administrador","price":11000,"status":true,"stock":6},{"__v":0,"_id":"64500bd3af3c3c87553341f3","category":"dispositivos","code":"12864-75634","description":"Headset Skullcandy SLYR Negro Wireless","img":"https://firebasestorage.googleapis.com/v0/b/reactecommercediego.appspot.com/o/headset3.png?alt=media&token=d9a621aa-4394-431e-97fc-cc87ec7844be","name":"SkullCandy SLYR","owner":"administrador","price":1200,"status":true,"stock":9},{"__v":0,"_id":"64500d35af3c3c87553341f5","category":"dispositivos","code":"934756-82354","description":"Razer Basilisk X HyperSpeed - Gaming Mouse -Wireless Ergonomico color Negro","img":"https://firebasestorage.googleapis.com/v0/b/reactecommercediego.appspot.com/o/mouse2.png?alt=media&token=0e6da27c-868c-47e4-b7f4-8ce2ba9466c2","name":"Razer Basilisk X HyperSpeed","owner":"administrador","price":1110,"status":true,"stock":9},{"__v":0,"_id":"64500d97af3c3c87553341f9","category":"dispositivos","code":"4763-4672","description":"Logitech G502 LIGHTSPEED Mouse Gaming Inalámbrico, HERO 25K, 25,600 DPI, RGB, Peso Reducido, 11 Botones Programables, Batería Larga Duración, POWERPLAY-compatibile, PC, Negro","img":"https://firebasestorage.googleapis.com/v0/b/reactecommercediego.appspot.com/o/mouse1.png?alt=media&token=caff19ab-f4ac-42b3-a5f5-b30c8c0fa074","name":"Logitech G502 LIGHTSPEED","owner":"administrador","price":1900,"status":true,"stock":15},{"__v":0,"_id":"64500ddeaf3c3c87553341fb","category":"dispositivos","code":"74356-1344","description":"Apple Iphone 14, 256gb Purpura","img":"https://firebasestorage.googleapis.com/v0/b/reactecommercediego.appspot.com/o/iphone14.png?alt=media&token=f3b1f925-b092-454f-9023-71789045bad1","name":"iphone 14","owner":"administrador","price":17900,"status":true,"stock":9}],"timestamp":"2023-07-02T21:37:22.241Z","title":"Lista de Productos","totalPages":3}
{"level":"info","message":"GET /styles/index.css","timestamp":"2023-07-02T21:37:22.288Z"}
{"level":"info","message":"GET /api/login/logout?","timestamp":"2023-07-02T21:42:40.745Z"}
{"level":"info","message":"GET /api/login","timestamp":"2023-07-02T21:42:41.076Z"}
{"level":"info","message":"GET /styles/index.css","timestamp":"2023-07-02T21:42:41.225Z"}
{"level":"info","message":"GET /api/login","timestamp":"2023-07-09T14:58:42.006Z"}
{"level":"info","message":"GET /styles/index.css","timestamp":"2023-07-09T14:58:42.180Z"}
{"level":"info","message":"GET /favicon.ico","timestamp":"2023-07-09T14:58:42.212Z"}
{"level":"info","message":"GET /api/login/forgot-Password-email","timestamp":"2023-07-09T14:58:46.429Z"}
{"level":"info","message":"GET /styles/index.css","timestamp":"2023-07-09T14:58:46.549Z"}
{"level":"info","message":"POST /api/login","timestamp":"2023-07-09T14:59:00.643Z"}
{"level":"info","message":"GET /api/login/faillogin","timestamp":"2023-07-09T14:59:00.959Z"}
{"level":"error","message":"Error al iniciar session, verifica tus datos.","timestamp":"2023-07-09T14:59:01.054Z"}
{"level":"info","message":"GET /api/dbProducts?limit=9","timestamp":"2023-07-09T14:59:01.074Z"}
{"level":"info","message":"GET /api/login","timestamp":"2023-07-09T14:59:01.174Z"}
{"level":"info","message":"GET /styles/index.css","timestamp":"2023-07-09T14:59:01.291Z"}
{"level":"info","message":"GET /api/login/forgot-Password-email","timestamp":"2023-07-09T14:59:03.566Z"}
{"level":"info","message":"GET /styles/index.css","timestamp":"2023-07-09T14:59:03.681Z"}
{"level":"info","message":"POST /api/login/forgot-password-email","timestamp":"2023-07-09T14:59:10.945Z"}
{"level":"info","message":"POST /api/login/forgot-password-email","timestamp":"2023-07-09T15:02:14.909Z"}
{"level":"info","message":"GET /api/login","timestamp":"2023-07-09T15:02:23.774Z"}
{"level":"info","message":"GET /styles/index.css","timestamp":"2023-07-09T15:02:24.407Z"}
{"level":"info","message":"POST /api/login","timestamp":"2023-07-09T15:02:25.935Z"}
{"level":"info","message":"GET /api/login/faillogin","timestamp":"2023-07-09T15:02:26.050Z"}
{"level":"error","message":"Error al iniciar session, verifica tus datos.","timestamp":"2023-07-09T15:02:26.145Z"}
{"level":"info","message":"GET /api/dbProducts?limit=9","timestamp":"2023-07-09T15:02:26.159Z"}
{"level":"info","message":"GET /api/login","timestamp":"2023-07-09T15:02:26.260Z"}
{"level":"info","message":"GET /styles/index.css","timestamp":"2023-07-09T15:02:26.378Z"}
{"level":"info","message":"GET /api/login/forgot-Password-email","timestamp":"2023-07-09T15:02:27.526Z"}
{"level":"info","message":"GET /styles/index.css","timestamp":"2023-07-09T15:02:27.639Z"}
{"level":"info","message":"POST /api/login/forgot-password-email","timestamp":"2023-07-09T15:02:34.085Z"}
{"level":"info","message":"GET /api/login/forgot-Password-email","timestamp":"2023-07-09T15:04:48.348Z"}
{"level":"info","message":"GET /styles/index.css","timestamp":"2023-07-09T15:04:48.495Z"}
{"level":"info","message":"POST /api/login/forgot-password-email","timestamp":"2023-07-09T15:04:53.777Z"}
{"level":"info","message":"GET /api/login/forgot-Password-email","timestamp":"2023-07-09T15:05:01.985Z"}
{"level":"info","message":"GET /styles/index.css","timestamp":"2023-07-09T15:05:02.560Z"}
{"level":"info","message":"POST /api/login/forgot-password-email","timestamp":"2023-07-09T15:05:07.191Z"}
{"level":"info","message":"POST /api/login/forgot-password-email","timestamp":"2023-07-09T15:08:45.348Z"}
{"level":"info","message":"GET /api/login/forgot-Password-email","timestamp":"2023-07-09T15:09:53.512Z"}
{"level":"info","message":"GET /styles/index.css","timestamp":"2023-07-09T15:09:53.662Z"}
{"level":"info","message":"POST /api/login/forgot-password-email","timestamp":"2023-07-09T15:09:58.698Z"}
{"level":"info","message":"Token generado con exito","timestamp":"2023-07-09T15:09:58.924Z"}
{"level":"info","message":"GET /api/login/forgot-password/diegofloresalcantar09@gmail.com","timestamp":"2023-07-09T15:10:08.683Z"}
{"level":"info","message":"GET /styles/index.css","timestamp":"2023-07-09T15:10:08.804Z"}
{"level":"info","message":"POST /api/login/reset-password/diegofloresalcantar09@gmail.com","timestamp":"2023-07-09T15:10:16.902Z"}
{"level":"info","message":"Contraseña actualizada con exito","timestamp":"2023-07-09T15:10:17.354Z"}
{"level":"info","message":"GET /api/login","timestamp":"2023-07-09T15:10:25.506Z"}
{"level":"info","message":"GET /styles/index.css","timestamp":"2023-07-09T15:10:25.622Z"}
{"level":"info","message":"POST /api/login","timestamp":"2023-07-09T15:10:31.838Z"}
{"_id":"649f57b4a50def15510f2221","cartId":"649f57b4a50def15510f221f","email":"diegofloresalcantar09@gmail.com","first_name":"Edvaldo","last_name":"","level":"info","message":"Se inicio una sesion con exito","role":"usuario","timestamp":"2023-07-09T15:10:32.300Z"}
{"level":"info","message":"GET /api/dbProducts?limit=9","timestamp":"2023-07-09T15:10:32.415Z"}
{"allowProtoMethodsByDefault":true,"allowProtoPropertiesByDefault":true,"cartId":"649f57b4a50def15510f221f","cartQuantity":0,"hasNextPage":true,"hasPrevPage":false,"level":"debug","message":"Productos encontrados:  Bienvenido usuario Edvaldo !","nextLink":"http://localhost:3000/api/dbProducts?page=2&limit=9&sort=null&query=[object Object]","nextPage":2,"page":1,"prevLink":null,"prevPage":null,"products":[{"__v":0,"_id":"6450035f02a42aa8fa9e144f","category":"dispositivos","code":"23450-6743","description":"Headset gaming Ryzen BlackShark v2 Negro","img":"https://firebasestorage.googleapis.com/v0/b/reactecommercediego.appspot.com/o/headset2.png?alt=media&token=57c31728-f313-445b-8756-bb838e346eca","name":"Ryzen Blackshrak","owner":"administrador","price":1500,"status":true,"stock":1},{"__v":0,"_id":"6450057caf3c3c8755334196","category":"dispositivos","code":"23450-8463","description":"pc gamer 1660ti, ryzem 5 1600x, 16 gb ram, m.2 512gb,corsair 600w","img":"https://firebasestorage.googleapis.com/v0/b/reactecommercediego.appspot.com/o/pc2.png?alt=media&token=990dc1d3-6b25-4529-93e2-110165506931","name":"Pc gamer 1660ti","owner":"administrador","price":17000,"status":true,"stock":19},{"__v":0,"_id":"64500a86af3c3c87553341eb","category":"dispositivos","code":"8934-95623","description":"Apple Iphone 13, 256gb Naranja","img":"https://firebasestorage.googleapis.com/v0/b/reactecommercediego.appspot.com/o/iphone_13.png?alt=media&token=403fbcd5-86cf-48cb-a3ed-ceb37573bff1","name":"iphone 13","owner":"administrador","price":10000,"status":true,"stock":20},{"__v":0,"_id":"64500ad6af3c3c87553341ed","category":"dispositivos","code":"1287-9834","description":"Apple Iphone X, 256gb Blanco","img":"https://firebasestorage.googleapis.com/v0/b/reactecommercediego.appspot.com/o/iphoneX.png?alt=media&token=bd498778-c314-4965-94dd-e9634fb01451","name":"iphone X","owner":"administrador","price":9000,"status":true,"stock":6},{"__v":0,"_id":"64500b28af3c3c87553341ef","category":"dispositivos","code":"8754-12349","description":"Apple Iphone 12, 256gb Lila","img":"https://firebasestorage.googleapis.com/v0/b/reactecommercediego.appspot.com/o/iphone12.png?alt=media&token=47cff84a-27d0-4421-abe8-e18f8996e42b","name":"iphone 12","owner":"administrador","price":11000,"status":true,"stock":6},{"__v":0,"_id":"64500bd3af3c3c87553341f3","category":"dispositivos","code":"12864-75634","description":"Headset Skullcandy SLYR Negro Wireless","img":"https://firebasestorage.googleapis.com/v0/b/reactecommercediego.appspot.com/o/headset3.png?alt=media&token=d9a621aa-4394-431e-97fc-cc87ec7844be","name":"SkullCandy SLYR","owner":"administrador","price":1200,"status":true,"stock":9},{"__v":0,"_id":"64500d35af3c3c87553341f5","category":"dispositivos","code":"934756-82354","description":"Razer Basilisk X HyperSpeed - Gaming Mouse -Wireless Ergonomico color Negro","img":"https://firebasestorage.googleapis.com/v0/b/reactecommercediego.appspot.com/o/mouse2.png?alt=media&token=0e6da27c-868c-47e4-b7f4-8ce2ba9466c2","name":"Razer Basilisk X HyperSpeed","owner":"administrador","price":1110,"status":true,"stock":9},{"__v":0,"_id":"64500d97af3c3c87553341f9","category":"dispositivos","code":"4763-4672","description":"Logitech G502 LIGHTSPEED Mouse Gaming Inalámbrico, HERO 25K, 25,600 DPI, RGB, Peso Reducido, 11 Botones Programables, Batería Larga Duración, POWERPLAY-compatibile, PC, Negro","img":"https://firebasestorage.googleapis.com/v0/b/reactecommercediego.appspot.com/o/mouse1.png?alt=media&token=caff19ab-f4ac-42b3-a5f5-b30c8c0fa074","name":"Logitech G502 LIGHTSPEED","owner":"administrador","price":1900,"status":true,"stock":15},{"__v":0,"_id":"64500ddeaf3c3c87553341fb","category":"dispositivos","code":"74356-1344","description":"Apple Iphone 14, 256gb Purpura","img":"https://firebasestorage.googleapis.com/v0/b/reactecommercediego.appspot.com/o/iphone14.png?alt=media&token=f3b1f925-b092-454f-9023-71789045bad1","name":"iphone 14","owner":"administrador","price":17900,"status":true,"stock":9}],"timestamp":"2023-07-09T15:10:32.925Z","title":"Lista de Productos","totalPages":3}
{"allowProtoMethodsByDefault":true,"allowProtoPropertiesByDefault":true,"cartId":"649f57b4a50def15510f221f","cartQuantity":0,"hasNextPage":true,"hasPrevPage":false,"level":"info","message":"Productos cargados con exito Bienvenido usuario Edvaldo !","nextLink":"http://localhost:3000/api/dbProducts?page=2&limit=9&sort=null&query=[object Object]","nextPage":2,"page":1,"prevLink":null,"prevPage":null,"products":[{"__v":0,"_id":"6450035f02a42aa8fa9e144f","category":"dispositivos","code":"23450-6743","description":"Headset gaming Ryzen BlackShark v2 Negro","img":"https://firebasestorage.googleapis.com/v0/b/reactecommercediego.appspot.com/o/headset2.png?alt=media&token=57c31728-f313-445b-8756-bb838e346eca","name":"Ryzen Blackshrak","owner":"administrador","price":1500,"status":true,"stock":1},{"__v":0,"_id":"6450057caf3c3c8755334196","category":"dispositivos","code":"23450-8463","description":"pc gamer 1660ti, ryzem 5 1600x, 16 gb ram, m.2 512gb,corsair 600w","img":"https://firebasestorage.googleapis.com/v0/b/reactecommercediego.appspot.com/o/pc2.png?alt=media&token=990dc1d3-6b25-4529-93e2-110165506931","name":"Pc gamer 1660ti","owner":"administrador","price":17000,"status":true,"stock":19},{"__v":0,"_id":"64500a86af3c3c87553341eb","category":"dispositivos","code":"8934-95623","description":"Apple Iphone 13, 256gb Naranja","img":"https://firebasestorage.googleapis.com/v0/b/reactecommercediego.appspot.com/o/iphone_13.png?alt=media&token=403fbcd5-86cf-48cb-a3ed-ceb37573bff1","name":"iphone 13","owner":"administrador","price":10000,"status":true,"stock":20},{"__v":0,"_id":"64500ad6af3c3c87553341ed","category":"dispositivos","code":"1287-9834","description":"Apple Iphone X, 256gb Blanco","img":"https://firebasestorage.googleapis.com/v0/b/reactecommercediego.appspot.com/o/iphoneX.png?alt=media&token=bd498778-c314-4965-94dd-e9634fb01451","name":"iphone X","owner":"administrador","price":9000,"status":true,"stock":6},{"__v":0,"_id":"64500b28af3c3c87553341ef","category":"dispositivos","code":"8754-12349","description":"Apple Iphone 12, 256gb Lila","img":"https://firebasestorage.googleapis.com/v0/b/reactecommercediego.appspot.com/o/iphone12.png?alt=media&token=47cff84a-27d0-4421-abe8-e18f8996e42b","name":"iphone 12","owner":"administrador","price":11000,"status":true,"stock":6},{"__v":0,"_id":"64500bd3af3c3c87553341f3","category":"dispositivos","code":"12864-75634","description":"Headset Skullcandy SLYR Negro Wireless","img":"https://firebasestorage.googleapis.com/v0/b/reactecommercediego.appspot.com/o/headset3.png?alt=media&token=d9a621aa-4394-431e-97fc-cc87ec7844be","name":"SkullCandy SLYR","owner":"administrador","price":1200,"status":true,"stock":9},{"__v":0,"_id":"64500d35af3c3c87553341f5","category":"dispositivos","code":"934756-82354","description":"Razer Basilisk X HyperSpeed - Gaming Mouse -Wireless Ergonomico color Negro","img":"https://firebasestorage.googleapis.com/v0/b/reactecommercediego.appspot.com/o/mouse2.png?alt=media&token=0e6da27c-868c-47e4-b7f4-8ce2ba9466c2","name":"Razer Basilisk X HyperSpeed","owner":"administrador","price":1110,"status":true,"stock":9},{"__v":0,"_id":"64500d97af3c3c87553341f9","category":"dispositivos","code":"4763-4672","description":"Logitech G502 LIGHTSPEED Mouse Gaming Inalámbrico, HERO 25K, 25,600 DPI, RGB, Peso Reducido, 11 Botones Programables, Batería Larga Duración, POWERPLAY-compatibile, PC, Negro","img":"https://firebasestorage.googleapis.com/v0/b/reactecommercediego.appspot.com/o/mouse1.png?alt=media&token=caff19ab-f4ac-42b3-a5f5-b30c8c0fa074","name":"Logitech G502 LIGHTSPEED","owner":"administrador","price":1900,"status":true,"stock":15},{"__v":0,"_id":"64500ddeaf3c3c87553341fb","category":"dispositivos","code":"74356-1344","description":"Apple Iphone 14, 256gb Purpura","img":"https://firebasestorage.googleapis.com/v0/b/reactecommercediego.appspot.com/o/iphone14.png?alt=media&token=f3b1f925-b092-454f-9023-71789045bad1","name":"iphone 14","owner":"administrador","price":17900,"status":true,"stock":9}],"timestamp":"2023-07-09T15:10:32.927Z","title":"Lista de Productos","totalPages":3}
{"level":"info","message":"GET /styles/index.css","timestamp":"2023-07-09T15:10:32.967Z"}
{"level":"info","message":"GET /api/login/logout?","timestamp":"2023-07-09T15:10:34.897Z"}
{"level":"info","message":"GET /api/login","timestamp":"2023-07-09T15:10:35.210Z"}
{"level":"info","message":"GET /styles/index.css","timestamp":"2023-07-09T15:10:35.327Z"}
{"level":"info","message":"GET /api/login/forgot-Password-email","timestamp":"2023-07-09T15:10:36.644Z"}
{"level":"info","message":"GET /styles/index.css","timestamp":"2023-07-09T15:10:36.802Z"}
{"level":"info","message":"POST /api/login/forgot-password-email","timestamp":"2023-07-09T15:10:43.252Z"}
{"level":"info","message":"Token generado con exito","timestamp":"2023-07-09T15:10:43.457Z"}
{"level":"info","message":"GET /api/login/forgot-password/diegofloresalcantar09@gmail.com","timestamp":"2023-07-09T15:11:02.150Z"}
{"level":"info","message":"GET /styles/index.css","timestamp":"2023-07-09T15:11:02.267Z"}
{"level":"info","message":"POST /api/login/reset-password/diegofloresalcantar09@gmail.com","timestamp":"2023-07-09T15:11:09.466Z"}
{"level":"info","message":"POST /api/login/reset-password/diegofloresalcantar09@gmail.com","timestamp":"2023-07-09T15:11:22.369Z"}
{"level":"info","message":"Contraseña actualizada con exito","timestamp":"2023-07-09T15:11:22.864Z"}
{"level":"info","message":"GET /api/login","timestamp":"2023-07-09T15:11:26.840Z"}
{"level":"info","message":"GET /styles/index.css","timestamp":"2023-07-09T15:11:26.953Z"}
{"level":"info","message":"GET /api/login/github","timestamp":"2023-07-09T15:40:07.026Z"}
{"level":"info","message":"POST /api/login","timestamp":"2023-07-09T15:40:13.661Z"}
{"level":"info","message":"GET /api/login/faillogin","timestamp":"2023-07-09T15:40:13.959Z"}
{"level":"error","message":"Error al iniciar session, verifica tus datos.","timestamp":"2023-07-09T15:40:14.056Z"}
{"level":"info","message":"GET /api/dbProducts?limit=9","timestamp":"2023-07-09T15:40:14.079Z"}
{"level":"info","message":"GET /api/login","timestamp":"2023-07-09T15:40:14.179Z"}
{"level":"info","message":"POST /api/login","timestamp":"2023-07-09T15:40:14.251Z"}
{"level":"info","message":"GET /styles/index.css","timestamp":"2023-07-09T15:40:14.316Z"}
{"level":"info","message":"POST /api/login","timestamp":"2023-07-09T15:40:19.316Z"}
{"_id":"649f57b4a50def15510f2221","cartId":"649f57b4a50def15510f221f","email":"diegofloresalcantar09@gmail.com","first_name":"Edvaldo","last_name":"","level":"info","message":"Se inicio una sesion con exito","role":"usuario","timestamp":"2023-07-09T15:40:19.792Z"}
{"level":"info","message":"GET /api/dbProducts?limit=9","timestamp":"2023-07-09T15:40:19.904Z"}
{"allowProtoMethodsByDefault":true,"allowProtoPropertiesByDefault":true,"cartId":"649f57b4a50def15510f221f","cartQuantity":0,"hasNextPage":true,"hasPrevPage":false,"level":"debug","message":"Productos encontrados:  Bienvenido usuario Edvaldo !","nextLink":"http://localhost:3000/api/dbProducts?page=2&limit=9&sort=null&query=[object Object]","nextPage":2,"page":1,"prevLink":null,"prevPage":null,"products":[{"__v":0,"_id":"6450035f02a42aa8fa9e144f","category":"dispositivos","code":"23450-6743","description":"Headset gaming Ryzen BlackShark v2 Negro","img":"https://firebasestorage.googleapis.com/v0/b/reactecommercediego.appspot.com/o/headset2.png?alt=media&token=57c31728-f313-445b-8756-bb838e346eca","name":"Ryzen Blackshrak","owner":"administrador","price":1500,"status":true,"stock":1},{"__v":0,"_id":"6450057caf3c3c8755334196","category":"dispositivos","code":"23450-8463","description":"pc gamer 1660ti, ryzem 5 1600x, 16 gb ram, m.2 512gb,corsair 600w","img":"https://firebasestorage.googleapis.com/v0/b/reactecommercediego.appspot.com/o/pc2.png?alt=media&token=990dc1d3-6b25-4529-93e2-110165506931","name":"Pc gamer 1660ti","owner":"administrador","price":17000,"status":true,"stock":19},{"__v":0,"_id":"64500a86af3c3c87553341eb","category":"dispositivos","code":"8934-95623","description":"Apple Iphone 13, 256gb Naranja","img":"https://firebasestorage.googleapis.com/v0/b/reactecommercediego.appspot.com/o/iphone_13.png?alt=media&token=403fbcd5-86cf-48cb-a3ed-ceb37573bff1","name":"iphone 13","owner":"administrador","price":10000,"status":true,"stock":20},{"__v":0,"_id":"64500ad6af3c3c87553341ed","category":"dispositivos","code":"1287-9834","description":"Apple Iphone X, 256gb Blanco","img":"https://firebasestorage.googleapis.com/v0/b/reactecommercediego.appspot.com/o/iphoneX.png?alt=media&token=bd498778-c314-4965-94dd-e9634fb01451","name":"iphone X","owner":"administrador","price":9000,"status":true,"stock":6},{"__v":0,"_id":"64500b28af3c3c87553341ef","category":"dispositivos","code":"8754-12349","description":"Apple Iphone 12, 256gb Lila","img":"https://firebasestorage.googleapis.com/v0/b/reactecommercediego.appspot.com/o/iphone12.png?alt=media&token=47cff84a-27d0-4421-abe8-e18f8996e42b","name":"iphone 12","owner":"administrador","price":11000,"status":true,"stock":6},{"__v":0,"_id":"64500bd3af3c3c87553341f3","category":"dispositivos","code":"12864-75634","description":"Headset Skullcandy SLYR Negro Wireless","img":"https://firebasestorage.googleapis.com/v0/b/reactecommercediego.appspot.com/o/headset3.png?alt=media&token=d9a621aa-4394-431e-97fc-cc87ec7844be","name":"SkullCandy SLYR","owner":"administrador","price":1200,"status":true,"stock":9},{"__v":0,"_id":"64500d35af3c3c87553341f5","category":"dispositivos","code":"934756-82354","description":"Razer Basilisk X HyperSpeed - Gaming Mouse -Wireless Ergonomico color Negro","img":"https://firebasestorage.googleapis.com/v0/b/reactecommercediego.appspot.com/o/mouse2.png?alt=media&token=0e6da27c-868c-47e4-b7f4-8ce2ba9466c2","name":"Razer Basilisk X HyperSpeed","owner":"administrador","price":1110,"status":true,"stock":9},{"__v":0,"_id":"64500d97af3c3c87553341f9","category":"dispositivos","code":"4763-4672","description":"Logitech G502 LIGHTSPEED Mouse Gaming Inalámbrico, HERO 25K, 25,600 DPI, RGB, Peso Reducido, 11 Botones Programables, Batería Larga Duración, POWERPLAY-compatibile, PC, Negro","img":"https://firebasestorage.googleapis.com/v0/b/reactecommercediego.appspot.com/o/mouse1.png?alt=media&token=caff19ab-f4ac-42b3-a5f5-b30c8c0fa074","name":"Logitech G502 LIGHTSPEED","owner":"administrador","price":1900,"status":true,"stock":15},{"__v":0,"_id":"64500ddeaf3c3c87553341fb","category":"dispositivos","code":"74356-1344","description":"Apple Iphone 14, 256gb Purpura","img":"https://firebasestorage.googleapis.com/v0/b/reactecommercediego.appspot.com/o/iphone14.png?alt=media&token=f3b1f925-b092-454f-9023-71789045bad1","name":"iphone 14","owner":"administrador","price":17900,"status":true,"stock":9}],"timestamp":"2023-07-09T15:40:20.400Z","title":"Lista de Productos","totalPages":3}
{"allowProtoMethodsByDefault":true,"allowProtoPropertiesByDefault":true,"cartId":"649f57b4a50def15510f221f","cartQuantity":0,"hasNextPage":true,"hasPrevPage":false,"level":"info","message":"Productos cargados con exito Bienvenido usuario Edvaldo !","nextLink":"http://localhost:3000/api/dbProducts?page=2&limit=9&sort=null&query=[object Object]","nextPage":2,"page":1,"prevLink":null,"prevPage":null,"products":[{"__v":0,"_id":"6450035f02a42aa8fa9e144f","category":"dispositivos","code":"23450-6743","description":"Headset gaming Ryzen BlackShark v2 Negro","img":"https://firebasestorage.googleapis.com/v0/b/reactecommercediego.appspot.com/o/headset2.png?alt=media&token=57c31728-f313-445b-8756-bb838e346eca","name":"Ryzen Blackshrak","owner":"administrador","price":1500,"status":true,"stock":1},{"__v":0,"_id":"6450057caf3c3c8755334196","category":"dispositivos","code":"23450-8463","description":"pc gamer 1660ti, ryzem 5 1600x, 16 gb ram, m.2 512gb,corsair 600w","img":"https://firebasestorage.googleapis.com/v0/b/reactecommercediego.appspot.com/o/pc2.png?alt=media&token=990dc1d3-6b25-4529-93e2-110165506931","name":"Pc gamer 1660ti","owner":"administrador","price":17000,"status":true,"stock":19},{"__v":0,"_id":"64500a86af3c3c87553341eb","category":"dispositivos","code":"8934-95623","description":"Apple Iphone 13, 256gb Naranja","img":"https://firebasestorage.googleapis.com/v0/b/reactecommercediego.appspot.com/o/iphone_13.png?alt=media&token=403fbcd5-86cf-48cb-a3ed-ceb37573bff1","name":"iphone 13","owner":"administrador","price":10000,"status":true,"stock":20},{"__v":0,"_id":"64500ad6af3c3c87553341ed","category":"dispositivos","code":"1287-9834","description":"Apple Iphone X, 256gb Blanco","img":"https://firebasestorage.googleapis.com/v0/b/reactecommercediego.appspot.com/o/iphoneX.png?alt=media&token=bd498778-c314-4965-94dd-e9634fb01451","name":"iphone X","owner":"administrador","price":9000,"status":true,"stock":6},{"__v":0,"_id":"64500b28af3c3c87553341ef","category":"dispositivos","code":"8754-12349","description":"Apple Iphone 12, 256gb Lila","img":"https://firebasestorage.googleapis.com/v0/b/reactecommercediego.appspot.com/o/iphone12.png?alt=media&token=47cff84a-27d0-4421-abe8-e18f8996e42b","name":"iphone 12","owner":"administrador","price":11000,"status":true,"stock":6},{"__v":0,"_id":"64500bd3af3c3c87553341f3","category":"dispositivos","code":"12864-75634","description":"Headset Skullcandy SLYR Negro Wireless","img":"https://firebasestorage.googleapis.com/v0/b/reactecommercediego.appspot.com/o/headset3.png?alt=media&token=d9a621aa-4394-431e-97fc-cc87ec7844be","name":"SkullCandy SLYR","owner":"administrador","price":1200,"status":true,"stock":9},{"__v":0,"_id":"64500d35af3c3c87553341f5","category":"dispositivos","code":"934756-82354","description":"Razer Basilisk X HyperSpeed - Gaming Mouse -Wireless Ergonomico color Negro","img":"https://firebasestorage.googleapis.com/v0/b/reactecommercediego.appspot.com/o/mouse2.png?alt=media&token=0e6da27c-868c-47e4-b7f4-8ce2ba9466c2","name":"Razer Basilisk X HyperSpeed","owner":"administrador","price":1110,"status":true,"stock":9},{"__v":0,"_id":"64500d97af3c3c87553341f9","category":"dispositivos","code":"4763-4672","description":"Logitech G502 LIGHTSPEED Mouse Gaming Inalámbrico, HERO 25K, 25,600 DPI, RGB, Peso Reducido, 11 Botones Programables, Batería Larga Duración, POWERPLAY-compatibile, PC, Negro","img":"https://firebasestorage.googleapis.com/v0/b/reactecommercediego.appspot.com/o/mouse1.png?alt=media&token=caff19ab-f4ac-42b3-a5f5-b30c8c0fa074","name":"Logitech G502 LIGHTSPEED","owner":"administrador","price":1900,"status":true,"stock":15},{"__v":0,"_id":"64500ddeaf3c3c87553341fb","category":"dispositivos","code":"74356-1344","description":"Apple Iphone 14, 256gb Purpura","img":"https://firebasestorage.googleapis.com/v0/b/reactecommercediego.appspot.com/o/iphone14.png?alt=media&token=f3b1f925-b092-454f-9023-71789045bad1","name":"iphone 14","owner":"administrador","price":17900,"status":true,"stock":9}],"timestamp":"2023-07-09T15:40:20.401Z","title":"Lista de Productos","totalPages":3}
{"level":"info","message":"GET /styles/index.css","timestamp":"2023-07-09T15:40:20.445Z"}
{"level":"info","message":"POST /api/dbCarts/649f57b4a50def15510f221f/64500a86af3c3c87553341eb","timestamp":"2023-07-09T15:41:52.516Z"}
{"level":"debug","message":"producto guardado con exito!","timestamp":"2023-07-09T15:41:53.014Z"}
{"level":"info","message":"Producto agregado con exito!","timestamp":"2023-07-09T15:41:53.014Z"}
{"level":"info","message":"GET /api/dbProducts?limit=9","timestamp":"2023-07-09T15:41:53.019Z"}
{"allowProtoMethodsByDefault":true,"allowProtoPropertiesByDefault":true,"cartId":"649f57b4a50def15510f221f","cartQuantity":1,"hasNextPage":true,"hasPrevPage":false,"level":"debug","message":"Productos encontrados:  Bienvenido usuario Edvaldo !","nextLink":"http://localhost:3000/api/dbProducts?page=2&limit=9&sort=null&query=[object Object]","nextPage":2,"page":1,"prevLink":null,"prevPage":null,"products":[{"__v":0,"_id":"6450035f02a42aa8fa9e144f","category":"dispositivos","code":"23450-6743","description":"Headset gaming Ryzen BlackShark v2 Negro","img":"https://firebasestorage.googleapis.com/v0/b/reactecommercediego.appspot.com/o/headset2.png?alt=media&token=57c31728-f313-445b-8756-bb838e346eca","name":"Ryzen Blackshrak","owner":"administrador","price":1500,"status":true,"stock":1},{"__v":0,"_id":"6450057caf3c3c8755334196","category":"dispositivos","code":"23450-8463","description":"pc gamer 1660ti, ryzem 5 1600x, 16 gb ram, m.2 512gb,corsair 600w","img":"https://firebasestorage.googleapis.com/v0/b/reactecommercediego.appspot.com/o/pc2.png?alt=media&token=990dc1d3-6b25-4529-93e2-110165506931","name":"Pc gamer 1660ti","owner":"administrador","price":17000,"status":true,"stock":19},{"__v":0,"_id":"64500a86af3c3c87553341eb","category":"dispositivos","code":"8934-95623","description":"Apple Iphone 13, 256gb Naranja","img":"https://firebasestorage.googleapis.com/v0/b/reactecommercediego.appspot.com/o/iphone_13.png?alt=media&token=403fbcd5-86cf-48cb-a3ed-ceb37573bff1","name":"iphone 13","owner":"administrador","price":10000,"status":true,"stock":20},{"__v":0,"_id":"64500ad6af3c3c87553341ed","category":"dispositivos","code":"1287-9834","description":"Apple Iphone X, 256gb Blanco","img":"https://firebasestorage.googleapis.com/v0/b/reactecommercediego.appspot.com/o/iphoneX.png?alt=media&token=bd498778-c314-4965-94dd-e9634fb01451","name":"iphone X","owner":"administrador","price":9000,"status":true,"stock":6},{"__v":0,"_id":"64500b28af3c3c87553341ef","category":"dispositivos","code":"8754-12349","description":"Apple Iphone 12, 256gb Lila","img":"https://firebasestorage.googleapis.com/v0/b/reactecommercediego.appspot.com/o/iphone12.png?alt=media&token=47cff84a-27d0-4421-abe8-e18f8996e42b","name":"iphone 12","owner":"administrador","price":11000,"status":true,"stock":6},{"__v":0,"_id":"64500bd3af3c3c87553341f3","category":"dispositivos","code":"12864-75634","description":"Headset Skullcandy SLYR Negro Wireless","img":"https://firebasestorage.googleapis.com/v0/b/reactecommercediego.appspot.com/o/headset3.png?alt=media&token=d9a621aa-4394-431e-97fc-cc87ec7844be","name":"SkullCandy SLYR","owner":"administrador","price":1200,"status":true,"stock":9},{"__v":0,"_id":"64500d35af3c3c87553341f5","category":"dispositivos","code":"934756-82354","description":"Razer Basilisk X HyperSpeed - Gaming Mouse -Wireless Ergonomico color Negro","img":"https://firebasestorage.googleapis.com/v0/b/reactecommercediego.appspot.com/o/mouse2.png?alt=media&token=0e6da27c-868c-47e4-b7f4-8ce2ba9466c2","name":"Razer Basilisk X HyperSpeed","owner":"administrador","price":1110,"status":true,"stock":9},{"__v":0,"_id":"64500d97af3c3c87553341f9","category":"dispositivos","code":"4763-4672","description":"Logitech G502 LIGHTSPEED Mouse Gaming Inalámbrico, HERO 25K, 25,600 DPI, RGB, Peso Reducido, 11 Botones Programables, Batería Larga Duración, POWERPLAY-compatibile, PC, Negro","img":"https://firebasestorage.googleapis.com/v0/b/reactecommercediego.appspot.com/o/mouse1.png?alt=media&token=caff19ab-f4ac-42b3-a5f5-b30c8c0fa074","name":"Logitech G502 LIGHTSPEED","owner":"administrador","price":1900,"status":true,"stock":15},{"__v":0,"_id":"64500ddeaf3c3c87553341fb","category":"dispositivos","code":"74356-1344","description":"Apple Iphone 14, 256gb Purpura","img":"https://firebasestorage.googleapis.com/v0/b/reactecommercediego.appspot.com/o/iphone14.png?alt=media&token=f3b1f925-b092-454f-9023-71789045bad1","name":"iphone 14","owner":"administrador","price":17900,"status":true,"stock":9}],"timestamp":"2023-07-09T15:41:53.500Z","title":"Lista de Productos","totalPages":3}
{"allowProtoMethodsByDefault":true,"allowProtoPropertiesByDefault":true,"cartId":"649f57b4a50def15510f221f","cartQuantity":1,"hasNextPage":true,"hasPrevPage":false,"level":"info","message":"Productos cargados con exito Bienvenido usuario Edvaldo !","nextLink":"http://localhost:3000/api/dbProducts?page=2&limit=9&sort=null&query=[object Object]","nextPage":2,"page":1,"prevLink":null,"prevPage":null,"products":[{"__v":0,"_id":"6450035f02a42aa8fa9e144f","category":"dispositivos","code":"23450-6743","description":"Headset gaming Ryzen BlackShark v2 Negro","img":"https://firebasestorage.googleapis.com/v0/b/reactecommercediego.appspot.com/o/headset2.png?alt=media&token=57c31728-f313-445b-8756-bb838e346eca","name":"Ryzen Blackshrak","owner":"administrador","price":1500,"status":true,"stock":1},{"__v":0,"_id":"6450057caf3c3c8755334196","category":"dispositivos","code":"23450-8463","description":"pc gamer 1660ti, ryzem 5 1600x, 16 gb ram, m.2 512gb,corsair 600w","img":"https://firebasestorage.googleapis.com/v0/b/reactecommercediego.appspot.com/o/pc2.png?alt=media&token=990dc1d3-6b25-4529-93e2-110165506931","name":"Pc gamer 1660ti","owner":"administrador","price":17000,"status":true,"stock":19},{"__v":0,"_id":"64500a86af3c3c87553341eb","category":"dispositivos","code":"8934-95623","description":"Apple Iphone 13, 256gb Naranja","img":"https://firebasestorage.googleapis.com/v0/b/reactecommercediego.appspot.com/o/iphone_13.png?alt=media&token=403fbcd5-86cf-48cb-a3ed-ceb37573bff1","name":"iphone 13","owner":"administrador","price":10000,"status":true,"stock":20},{"__v":0,"_id":"64500ad6af3c3c87553341ed","category":"dispositivos","code":"1287-9834","description":"Apple Iphone X, 256gb Blanco","img":"https://firebasestorage.googleapis.com/v0/b/reactecommercediego.appspot.com/o/iphoneX.png?alt=media&token=bd498778-c314-4965-94dd-e9634fb01451","name":"iphone X","owner":"administrador","price":9000,"status":true,"stock":6},{"__v":0,"_id":"64500b28af3c3c87553341ef","category":"dispositivos","code":"8754-12349","description":"Apple Iphone 12, 256gb Lila","img":"https://firebasestorage.googleapis.com/v0/b/reactecommercediego.appspot.com/o/iphone12.png?alt=media&token=47cff84a-27d0-4421-abe8-e18f8996e42b","name":"iphone 12","owner":"administrador","price":11000,"status":true,"stock":6},{"__v":0,"_id":"64500bd3af3c3c87553341f3","category":"dispositivos","code":"12864-75634","description":"Headset Skullcandy SLYR Negro Wireless","img":"https://firebasestorage.googleapis.com/v0/b/reactecommercediego.appspot.com/o/headset3.png?alt=media&token=d9a621aa-4394-431e-97fc-cc87ec7844be","name":"SkullCandy SLYR","owner":"administrador","price":1200,"status":true,"stock":9},{"__v":0,"_id":"64500d35af3c3c87553341f5","category":"dispositivos","code":"934756-82354","description":"Razer Basilisk X HyperSpeed - Gaming Mouse -Wireless Ergonomico color Negro","img":"https://firebasestorage.googleapis.com/v0/b/reactecommercediego.appspot.com/o/mouse2.png?alt=media&token=0e6da27c-868c-47e4-b7f4-8ce2ba9466c2","name":"Razer Basilisk X HyperSpeed","owner":"administrador","price":1110,"status":true,"stock":9},{"__v":0,"_id":"64500d97af3c3c87553341f9","category":"dispositivos","code":"4763-4672","description":"Logitech G502 LIGHTSPEED Mouse Gaming Inalámbrico, HERO 25K, 25,600 DPI, RGB, Peso Reducido, 11 Botones Programables, Batería Larga Duración, POWERPLAY-compatibile, PC, Negro","img":"https://firebasestorage.googleapis.com/v0/b/reactecommercediego.appspot.com/o/mouse1.png?alt=media&token=caff19ab-f4ac-42b3-a5f5-b30c8c0fa074","name":"Logitech G502 LIGHTSPEED","owner":"administrador","price":1900,"status":true,"stock":15},{"__v":0,"_id":"64500ddeaf3c3c87553341fb","category":"dispositivos","code":"74356-1344","description":"Apple Iphone 14, 256gb Purpura","img":"https://firebasestorage.googleapis.com/v0/b/reactecommercediego.appspot.com/o/iphone14.png?alt=media&token=f3b1f925-b092-454f-9023-71789045bad1","name":"iphone 14","owner":"administrador","price":17900,"status":true,"stock":9}],"timestamp":"2023-07-09T15:41:53.501Z","title":"Lista de Productos","totalPages":3}
{"level":"info","message":"GET /styles/index.css","timestamp":"2023-07-09T15:41:53.534Z"}
{"level":"info","message":"POST /api/dbCarts/649f57b4a50def15510f221f/6450035f02a42aa8fa9e144f","timestamp":"2023-07-09T15:41:55.323Z"}
{"level":"debug","message":"producto guardado con exito!","timestamp":"2023-07-09T15:41:55.814Z"}
{"level":"info","message":"Producto agregado con exito!","timestamp":"2023-07-09T15:41:55.814Z"}
{"level":"info","message":"GET /api/dbProducts?limit=9","timestamp":"2023-07-09T15:41:55.819Z"}
{"allowProtoMethodsByDefault":true,"allowProtoPropertiesByDefault":true,"cartId":"649f57b4a50def15510f221f","cartQuantity":2,"hasNextPage":true,"hasPrevPage":false,"level":"debug","message":"Productos encontrados:  Bienvenido usuario Edvaldo !","nextLink":"http://localhost:3000/api/dbProducts?page=2&limit=9&sort=null&query=[object Object]","nextPage":2,"page":1,"prevLink":null,"prevPage":null,"products":[{"__v":0,"_id":"6450035f02a42aa8fa9e144f","category":"dispositivos","code":"23450-6743","description":"Headset gaming Ryzen BlackShark v2 Negro","img":"https://firebasestorage.googleapis.com/v0/b/reactecommercediego.appspot.com/o/headset2.png?alt=media&token=57c31728-f313-445b-8756-bb838e346eca","name":"Ryzen Blackshrak","owner":"administrador","price":1500,"status":true,"stock":1},{"__v":0,"_id":"6450057caf3c3c8755334196","category":"dispositivos","code":"23450-8463","description":"pc gamer 1660ti, ryzem 5 1600x, 16 gb ram, m.2 512gb,corsair 600w","img":"https://firebasestorage.googleapis.com/v0/b/reactecommercediego.appspot.com/o/pc2.png?alt=media&token=990dc1d3-6b25-4529-93e2-110165506931","name":"Pc gamer 1660ti","owner":"administrador","price":17000,"status":true,"stock":19},{"__v":0,"_id":"64500a86af3c3c87553341eb","category":"dispositivos","code":"8934-95623","description":"Apple Iphone 13, 256gb Naranja","img":"https://firebasestorage.googleapis.com/v0/b/reactecommercediego.appspot.com/o/iphone_13.png?alt=media&token=403fbcd5-86cf-48cb-a3ed-ceb37573bff1","name":"iphone 13","owner":"administrador","price":10000,"status":true,"stock":20},{"__v":0,"_id":"64500ad6af3c3c87553341ed","category":"dispositivos","code":"1287-9834","description":"Apple Iphone X, 256gb Blanco","img":"https://firebasestorage.googleapis.com/v0/b/reactecommercediego.appspot.com/o/iphoneX.png?alt=media&token=bd498778-c314-4965-94dd-e9634fb01451","name":"iphone X","owner":"administrador","price":9000,"status":true,"stock":6},{"__v":0,"_id":"64500b28af3c3c87553341ef","category":"dispositivos","code":"8754-12349","description":"Apple Iphone 12, 256gb Lila","img":"https://firebasestorage.googleapis.com/v0/b/reactecommercediego.appspot.com/o/iphone12.png?alt=media&token=47cff84a-27d0-4421-abe8-e18f8996e42b","name":"iphone 12","owner":"administrador","price":11000,"status":true,"stock":6},{"__v":0,"_id":"64500bd3af3c3c87553341f3","category":"dispositivos","code":"12864-75634","description":"Headset Skullcandy SLYR Negro Wireless","img":"https://firebasestorage.googleapis.com/v0/b/reactecommercediego.appspot.com/o/headset3.png?alt=media&token=d9a621aa-4394-431e-97fc-cc87ec7844be","name":"SkullCandy SLYR","owner":"administrador","price":1200,"status":true,"stock":9},{"__v":0,"_id":"64500d35af3c3c87553341f5","category":"dispositivos","code":"934756-82354","description":"Razer Basilisk X HyperSpeed - Gaming Mouse -Wireless Ergonomico color Negro","img":"https://firebasestorage.googleapis.com/v0/b/reactecommercediego.appspot.com/o/mouse2.png?alt=media&token=0e6da27c-868c-47e4-b7f4-8ce2ba9466c2","name":"Razer Basilisk X HyperSpeed","owner":"administrador","price":1110,"status":true,"stock":9},{"__v":0,"_id":"64500d97af3c3c87553341f9","category":"dispositivos","code":"4763-4672","description":"Logitech G502 LIGHTSPEED Mouse Gaming Inalámbrico, HERO 25K, 25,600 DPI, RGB, Peso Reducido, 11 Botones Programables, Batería Larga Duración, POWERPLAY-compatibile, PC, Negro","img":"https://firebasestorage.googleapis.com/v0/b/reactecommercediego.appspot.com/o/mouse1.png?alt=media&token=caff19ab-f4ac-42b3-a5f5-b30c8c0fa074","name":"Logitech G502 LIGHTSPEED","owner":"administrador","price":1900,"status":true,"stock":15},{"__v":0,"_id":"64500ddeaf3c3c87553341fb","category":"dispositivos","code":"74356-1344","description":"Apple Iphone 14, 256gb Purpura","img":"https://firebasestorage.googleapis.com/v0/b/reactecommercediego.appspot.com/o/iphone14.png?alt=media&token=f3b1f925-b092-454f-9023-71789045bad1","name":"iphone 14","owner":"administrador","price":17900,"status":true,"stock":9}],"timestamp":"2023-07-09T15:41:56.312Z","title":"Lista de Productos","totalPages":3}
{"allowProtoMethodsByDefault":true,"allowProtoPropertiesByDefault":true,"cartId":"649f57b4a50def15510f221f","cartQuantity":2,"hasNextPage":true,"hasPrevPage":false,"level":"info","message":"Productos cargados con exito Bienvenido usuario Edvaldo !","nextLink":"http://localhost:3000/api/dbProducts?page=2&limit=9&sort=null&query=[object Object]","nextPage":2,"page":1,"prevLink":null,"prevPage":null,"products":[{"__v":0,"_id":"6450035f02a42aa8fa9e144f","category":"dispositivos","code":"23450-6743","description":"Headset gaming Ryzen BlackShark v2 Negro","img":"https://firebasestorage.googleapis.com/v0/b/reactecommercediego.appspot.com/o/headset2.png?alt=media&token=57c31728-f313-445b-8756-bb838e346eca","name":"Ryzen Blackshrak","owner":"administrador","price":1500,"status":true,"stock":1},{"__v":0,"_id":"6450057caf3c3c8755334196","category":"dispositivos","code":"23450-8463","description":"pc gamer 1660ti, ryzem 5 1600x, 16 gb ram, m.2 512gb,corsair 600w","img":"https://firebasestorage.googleapis.com/v0/b/reactecommercediego.appspot.com/o/pc2.png?alt=media&token=990dc1d3-6b25-4529-93e2-110165506931","name":"Pc gamer 1660ti","owner":"administrador","price":17000,"status":true,"stock":19},{"__v":0,"_id":"64500a86af3c3c87553341eb","category":"dispositivos","code":"8934-95623","description":"Apple Iphone 13, 256gb Naranja","img":"https://firebasestorage.googleapis.com/v0/b/reactecommercediego.appspot.com/o/iphone_13.png?alt=media&token=403fbcd5-86cf-48cb-a3ed-ceb37573bff1","name":"iphone 13","owner":"administrador","price":10000,"status":true,"stock":20},{"__v":0,"_id":"64500ad6af3c3c87553341ed","category":"dispositivos","code":"1287-9834","description":"Apple Iphone X, 256gb Blanco","img":"https://firebasestorage.googleapis.com/v0/b/reactecommercediego.appspot.com/o/iphoneX.png?alt=media&token=bd498778-c314-4965-94dd-e9634fb01451","name":"iphone X","owner":"administrador","price":9000,"status":true,"stock":6},{"__v":0,"_id":"64500b28af3c3c87553341ef","category":"dispositivos","code":"8754-12349","description":"Apple Iphone 12, 256gb Lila","img":"https://firebasestorage.googleapis.com/v0/b/reactecommercediego.appspot.com/o/iphone12.png?alt=media&token=47cff84a-27d0-4421-abe8-e18f8996e42b","name":"iphone 12","owner":"administrador","price":11000,"status":true,"stock":6},{"__v":0,"_id":"64500bd3af3c3c87553341f3","category":"dispositivos","code":"12864-75634","description":"Headset Skullcandy SLYR Negro Wireless","img":"https://firebasestorage.googleapis.com/v0/b/reactecommercediego.appspot.com/o/headset3.png?alt=media&token=d9a621aa-4394-431e-97fc-cc87ec7844be","name":"SkullCandy SLYR","owner":"administrador","price":1200,"status":true,"stock":9},{"__v":0,"_id":"64500d35af3c3c87553341f5","category":"dispositivos","code":"934756-82354","description":"Razer Basilisk X HyperSpeed - Gaming Mouse -Wireless Ergonomico color Negro","img":"https://firebasestorage.googleapis.com/v0/b/reactecommercediego.appspot.com/o/mouse2.png?alt=media&token=0e6da27c-868c-47e4-b7f4-8ce2ba9466c2","name":"Razer Basilisk X HyperSpeed","owner":"administrador","price":1110,"status":true,"stock":9},{"__v":0,"_id":"64500d97af3c3c87553341f9","category":"dispositivos","code":"4763-4672","description":"Logitech G502 LIGHTSPEED Mouse Gaming Inalámbrico, HERO 25K, 25,600 DPI, RGB, Peso Reducido, 11 Botones Programables, Batería Larga Duración, POWERPLAY-compatibile, PC, Negro","img":"https://firebasestorage.googleapis.com/v0/b/reactecommercediego.appspot.com/o/mouse1.png?alt=media&token=caff19ab-f4ac-42b3-a5f5-b30c8c0fa074","name":"Logitech G502 LIGHTSPEED","owner":"administrador","price":1900,"status":true,"stock":15},{"__v":0,"_id":"64500ddeaf3c3c87553341fb","category":"dispositivos","code":"74356-1344","description":"Apple Iphone 14, 256gb Purpura","img":"https://firebasestorage.googleapis.com/v0/b/reactecommercediego.appspot.com/o/iphone14.png?alt=media&token=f3b1f925-b092-454f-9023-71789045bad1","name":"iphone 14","owner":"administrador","price":17900,"status":true,"stock":9}],"timestamp":"2023-07-09T15:41:56.313Z","title":"Lista de Productos","totalPages":3}
{"level":"info","message":"GET /styles/index.css","timestamp":"2023-07-09T15:41:56.335Z"}
{"level":"info","message":"GET /api/dbCarts/649f57b4a50def15510f221f?","timestamp":"2023-07-09T15:41:56.964Z"}
{"cartId":"649f57b4a50def15510f221f","level":"info","message":"Se mostro el carrito: ","timestamp":"2023-07-09T15:41:57.355Z"}
{"level":"info","message":"GET /styles/index.css","timestamp":"2023-07-09T15:41:57.393Z"}
